<?xml version="1.0" encoding="UTF-8"?>
<!-- Generated by org.testng.reporters.JUnitXMLReporter -->
<testsuite ignored="1" hostname="SOURAV-PC" failures="0" tests="1" name="Default test" time="14.603" errors="0" timestamp="2021-09-15T12:01:44 IST">
  <testcase classname="com.crm.Vtiger.LeadsTest.TC_06_createLeadByDiffrentLeadSourceTest" name="forRegional" time="0.009"/>
  <testcase classname="com.crm.Vtiger.LeadsTest.TC_06_createLeadByDiffrentLeadSourceTest" name="loginTest" time="0.0">
    <ignored/>
  </testcase> <!-- loginTest -->
</testsuite> <!-- Default test -->
