<?xml version="1.0" encoding="UTF-8"?>
<!-- Generated by org.testng.reporters.JUnitXMLReporter -->
<testsuite ignored="10" hostname="SOURAV-PC" failures="0" tests="3" name="Test" time="55.387" errors="0" timestamp="2021-09-14T22:01:02 IST">
  <testcase classname="com.crm.Vtiger.LeadsTest.TC_08_createLeadByDiffrentLeadStatusTest" name="loginTest" time="13.061"/>
  <testcase classname="com.crm.Vtiger.LeadsTest.TC_10_createLeadByAssignToGroupTest" name="loginTest" time="10.926"/>
  <testcase classname="com.crm.Vtiger.LeadsTest.TC_09_createLeadByDiffrentRatingTest" name="loginTest" time="11.245"/>
  <testcase classname="com.crm.Vtiger.LeadsTest.TC_07_createLeadByDiffrentIndustryTest" name="loginTest" time="0.0">
    <ignored/>
  </testcase> <!-- loginTest -->
  <testcase classname="com.crm.Vtiger.GenericUtility.BaseClass" name="@BeforeSuite connectToDb" time="0.0">
    <ignored/>
  </testcase> <!-- @BeforeSuite connectToDb -->
  <testcase classname="com.crm.Vtiger.GenericUtility.BaseClass" name="@BeforeSuite connectToDb" time="0.0">
    <ignored/>
  </testcase> <!-- @BeforeSuite connectToDb -->
  <testcase classname="com.crm.Vtiger.GenericUtility.BaseClass" name="@BeforeSuite connectToDb" time="0.0">
    <ignored/>
  </testcase> <!-- @BeforeSuite connectToDb -->
  <testcase classname="com.crm.Vtiger.GenericUtility.BaseClass" name="@BeforeSuite connectToDb" time="0.0">
    <ignored/>
  </testcase> <!-- @BeforeSuite connectToDb -->
  <testcase classname="com.crm.Vtiger.LeadsTest.TC_06_createLeadByDiffrentLeadSourceTest" name="loginTest" time="0.0">
    <ignored/>
  </testcase> <!-- loginTest -->
  <testcase classname="com.crm.Vtiger.GenericUtility.BaseClass" name="@AfterSuite closeTheDB" time="0.0">
    <ignored/>
  </testcase> <!-- @AfterSuite closeTheDB -->
  <testcase classname="com.crm.Vtiger.GenericUtility.BaseClass" name="@AfterSuite closeTheDB" time="0.0">
    <ignored/>
  </testcase> <!-- @AfterSuite closeTheDB -->
  <testcase classname="com.crm.Vtiger.GenericUtility.BaseClass" name="@AfterSuite closeTheDB" time="0.0">
    <ignored/>
  </testcase> <!-- @AfterSuite closeTheDB -->
  <testcase classname="com.crm.Vtiger.GenericUtility.BaseClass" name="@AfterSuite closeTheDB" time="0.0">
    <ignored/>
  </testcase> <!-- @AfterSuite closeTheDB -->
</testsuite> <!-- Test -->
